<?xml version="1.0" encoding="UTF-8"?>
<coverage generated="1566793611971" clover="3.2.0">
  <project timestamp="1566793611972" name="All files">
    <metrics statements="13" coveredstatements="13" conditionals="0" coveredconditionals="0" methods="11" coveredmethods="11" elements="24" coveredelements="24" complexity="0" loc="13" ncloc="13" packages="1" files="4" classes="4"/>
    <file name="arrays.js" path="C:\Users\Esteban\Desktop\Esteban\Projects\jest-js-testing\platzi-test\arrays.js">
      <metrics statements="4" coveredstatements="4" conditionals="0" coveredconditionals="0" methods="2" coveredmethods="2"/>
      <line num="1" count="1" type="stmt"/>
      <line num="10" count="1" type="stmt"/>
      <line num="12" count="2" type="stmt"/>
      <line num="13" count="2" type="stmt"/>
    </file>
    <file name="maths.js" path="C:\Users\Esteban\Desktop\Esteban\Projects\jest-js-testing\platzi-test\maths.js">
      <metrics statements="4" coveredstatements="4" conditionals="0" coveredconditionals="0" methods="4" coveredmethods="4"/>
      <line num="1" count="2" type="stmt"/>
      <line num="2" count="2" type="stmt"/>
      <line num="3" count="2" type="stmt"/>
      <line num="4" count="2" type="stmt"/>
    </file>
    <file name="numbers.js" path="C:\Users\Esteban\Desktop\Esteban\Projects\jest-js-testing\platzi-test\numbers.js">
      <metrics statements="1" coveredstatements="1" conditionals="0" coveredconditionals="0" methods="1" coveredmethods="1"/>
      <line num="1" count="6" type="stmt"/>
    </file>
    <file name="true.js" path="C:\Users\Esteban\Desktop\Esteban\Projects\jest-js-testing\platzi-test\true.js">
      <metrics statements="4" coveredstatements="4" conditionals="0" coveredconditionals="0" methods="4" coveredmethods="4"/>
      <line num="1" count="1" type="stmt"/>
      <line num="3" count="1" type="stmt"/>
      <line num="5" count="2" type="stmt"/>
      <line num="7" count="1" type="stmt"/>
    </file>
  </project>
</coverage>
